<?xml version="1.0" encoding="UTF-8"?>
<!-- Generated by org.testng.reporters.JUnitXMLReporter -->
<testsuite hostname="ladas-mbp.exigengroup.com" failures="1" tests="1" name="Validating title on Home page" time="6.213" errors="0" timestamp="4 Jan 2022 15:25:30 GMT">
  <testcase classname="lmakei.ValidateTittle" name="validateTittle" time="0.106">
    <failure type="java.lang.AssertionError" message="expected [MAKIAŽUI123] but found [MAKIAŽUI]">
      <![CDATA[java.lang.AssertionError: expected [MAKIAŽUI123] but found [MAKIAŽUI]
	at lmakei.ValidateTittle.validateTittle(ValidateTittle.java:35)
	at java.base/java.util.concurrent.FutureTask.run(FutureTask.java:264)
	at java.base/java.util.concurrent.ThreadPoolExecutor.runWorker(ThreadPoolExecutor.java:1136)
	at java.base/java.util.concurrent.ThreadPoolExecutor$Worker.run(ThreadPoolExecutor.java:635)
	at java.base/java.lang.Thread.run(Thread.java:833)
... Removed 21 stack frames]]>
    </failure>
  </testcase> <!-- validateTittle -->
</testsuite> <!-- Validating title on Home page -->
